[2022-12-16T16:06:57.020062+00:00] Werbeseite.INFO: Anmeldung! : admin@emensa.example [] []
[2022-12-16T16:06:57.055187+00:00] Werbeseite.INFO: Es wurde auf die Webseite zugegriffen! [] []
[2022-12-16T16:07:03.504134+00:00] Werbeseite.INFO: Es wurde sich abgemeldet! [] []
[2022-12-16T16:07:03.518283+00:00] Werbeseite.INFO: Es wurde auf die Webseite zugegriffen! [] []
[2022-12-16T16:07:07.644652+00:00] Werbeseite.WARNING: Anmeldung fehlgeschlagen! [] []
[2022-12-16T16:07:10.682271+00:00] Werbeseite.INFO: Anmeldung! : admin@emensa.example [] []
[2022-12-16T16:07:10.730009+00:00] Werbeseite.INFO: Es wurde auf die Webseite zugegriffen! [] []
[2023-01-10T10:54:47.087627+00:00] Werbeseite.INFO: Es wurde auf die Webseite zugegriffen! [] []
[2023-01-10T10:55:48.119877+00:00] Werbeseite.INFO: Es wurde auf die Webseite zugegriffen! [] []
[2023-01-10T11:17:35.711447+00:00] Werbeseite.INFO: Es wurde auf die Webseite zugegriffen! [] []
[2023-01-10T11:18:19.722096+00:00] Werbeseite.WARNING: Anmeldung fehlgeschlagen! [] []
[2023-01-10T11:18:41.075908+00:00] Werbeseite.WARNING: Anmeldung fehlgeschlagen! [] []
[2023-01-10T11:19:49.401003+00:00] Werbeseite.INFO: Es wurde auf die Webseite zugegriffen! [] []
[2023-01-10T11:19:55.874055+00:00] Werbeseite.INFO: Es wurde auf die Webseite zugegriffen! [] []
[2023-01-10T11:20:09.312306+00:00] Werbeseite.INFO: Es wurde auf die Webseite zugegriffen! [] []
[2023-01-10T11:21:51.255317+00:00] Werbeseite.INFO: Es wurde auf die Webseite zugegriffen! [] []
[2023-01-10T11:21:53.110507+00:00] Werbeseite.INFO: Es wurde auf die Webseite zugegriffen! [] []
[2023-01-10T11:22:15.164729+00:00] Werbeseite.INFO: Es wurde auf die Webseite zugegriffen! [] []
[2023-01-10T11:22:39.361185+00:00] Werbeseite.INFO: Es wurde auf die Webseite zugegriffen! [] []
[2023-01-10T11:22:47.696147+00:00] Werbeseite.INFO: Es wurde auf die Webseite zugegriffen! [] []
[2023-01-10T11:27:30.052018+00:00] Werbeseite.INFO: Es wurde auf die Webseite zugegriffen! [] []
[2023-01-10T12:12:33.115285+00:00] Werbeseite.INFO: Es wurde auf die Webseite zugegriffen! [] []
[2023-01-10T12:12:35.161898+00:00] Werbeseite.INFO: Es wurde auf die Webseite zugegriffen! [] []
[2023-01-10T12:15:52.877368+00:00] Werbeseite.INFO: Es wurde auf die Webseite zugegriffen! [] []
[2023-01-10T12:16:43.788141+00:00] Werbeseite.INFO: Es wurde auf die Webseite zugegriffen! [] []
[2023-01-10T12:17:05.389286+00:00] Werbeseite.INFO: Es wurde auf die Webseite zugegriffen! [] []
[2023-01-10T12:17:24.873376+00:00] Werbeseite.WARNING: Anmeldung fehlgeschlagen! [] []
[2023-01-10T12:18:21.172006+00:00] Werbeseite.INFO: Es wurde auf die Webseite zugegriffen! [] []
[2023-01-10T12:18:24.637042+00:00] Werbeseite.INFO: Es wurde auf die Webseite zugegriffen! [] []
[2023-01-10T12:21:07.059594+00:00] Werbeseite.INFO: Es wurde auf die Webseite zugegriffen! [] []
[2023-01-10T12:21:13.067809+00:00] Werbeseite.WARNING: Anmeldung fehlgeschlagen! [] []
[2023-01-10T12:25:08.840935+00:00] Werbeseite.INFO: Es wurde auf die Webseite zugegriffen! [] []
[2023-01-10T12:25:22.072376+00:00] Werbeseite.INFO: Es wurde auf die Webseite zugegriffen! [] []
[2023-01-10T12:26:02.713091+00:00] Werbeseite.INFO: Es wurde auf die Webseite zugegriffen! [] []
[2023-01-10T12:26:03.481512+00:00] Werbeseite.INFO: Es wurde auf die Webseite zugegriffen! [] []
[2023-01-10T12:26:03.667436+00:00] Werbeseite.INFO: Es wurde auf die Webseite zugegriffen! [] []
[2023-01-10T12:26:29.338196+00:00] Werbeseite.INFO: Es wurde auf die Webseite zugegriffen! [] []
[2023-01-10T12:26:42.594468+00:00] Werbeseite.INFO: Es wurde auf die Webseite zugegriffen! [] []
[2023-01-10T12:26:55.233595+00:00] Werbeseite.INFO: Es wurde auf die Webseite zugegriffen! [] []
[2023-01-10T12:28:47.997915+00:00] Werbeseite.INFO: Es wurde auf die Webseite zugegriffen! [] []
[2023-01-10T12:29:16.234328+00:00] Werbeseite.INFO: Es wurde auf die Webseite zugegriffen! [] []
[2023-01-10T12:29:24.091566+00:00] Werbeseite.INFO: Es wurde auf die Webseite zugegriffen! [] []
[2023-01-10T12:29:42.114103+00:00] Werbeseite.INFO: Es wurde auf die Webseite zugegriffen! [] []
[2023-01-10T12:30:01.587221+00:00] Werbeseite.INFO: Es wurde sich abgemeldet! [] []
[2023-01-10T12:30:01.653965+00:00] Werbeseite.INFO: Es wurde auf die Webseite zugegriffen! [] []
[2023-01-10T12:30:09.948231+00:00] Werbeseite.INFO: Es wurde auf die Webseite zugegriffen! [] []
[2023-01-11T11:24:39.492173+00:00] Werbeseite.INFO: Es wurde auf die Webseite zugegriffen! [] []
[2023-01-11T11:24:50.382264+00:00] Werbeseite.INFO: Anmeldung! : admin@emensa.example [] []
[2023-01-11T11:24:50.397089+00:00] Werbeseite.INFO: Es wurde auf die Webseite zugegriffen! [] []
[2023-01-11T11:25:11.326914+00:00] Werbeseite.INFO: Es wurde auf die Webseite zugegriffen! [] []
[2023-01-11T11:27:06.647388+00:00] Werbeseite.INFO: Es wurde auf die Webseite zugegriffen! [] []
[2023-01-11T11:27:12.698758+00:00] Werbeseite.INFO: Es wurde auf die Webseite zugegriffen! [] []
[2023-01-11T11:27:14.404840+00:00] Werbeseite.INFO: Es wurde sich abgemeldet! [] []
[2023-01-11T11:27:14.418792+00:00] Werbeseite.INFO: Es wurde auf die Webseite zugegriffen! [] []
[2023-01-11T11:27:17.786798+00:00] Werbeseite.INFO: Anmeldung! : admin@emensa.example [] []
[2023-01-11T11:27:17.799892+00:00] Werbeseite.INFO: Es wurde auf die Webseite zugegriffen! [] []
[2023-01-11T11:27:45.152511+00:00] Werbeseite.INFO: Es wurde auf die Webseite zugegriffen! [] []
[2023-01-11T11:27:49.403713+00:00] Werbeseite.INFO: Es wurde auf die Webseite zugegriffen! [] []
[2023-01-11T11:27:54.815216+00:00] Werbeseite.INFO: Es wurde auf die Webseite zugegriffen! [] []
[2023-01-11T11:33:37.064136+00:00] Werbeseite.INFO: Es wurde auf die Webseite zugegriffen! [] []
[2023-01-11T11:33:45.397014+00:00] Werbeseite.INFO: Es wurde auf die Webseite zugegriffen! [] []
[2023-01-11T11:33:47.817608+00:00] Werbeseite.INFO: Es wurde auf die Webseite zugegriffen! [] []
[2023-01-11T11:33:57.872987+00:00] Werbeseite.INFO: Es wurde auf die Webseite zugegriffen! [] []
[2023-01-11T11:34:07.274994+00:00] Werbeseite.INFO: Es wurde auf die Webseite zugegriffen! [] []
[2023-01-11T11:34:09.052108+00:00] Werbeseite.INFO: Es wurde auf die Webseite zugegriffen! [] []
[2023-01-11T12:59:05.201143+00:00] Werbeseite.INFO: Es wurde auf die Webseite zugegriffen! [] []
[2023-01-11T12:59:17.507883+00:00] Werbeseite.INFO: Es wurde auf die Webseite zugegriffen! [] []
[2023-01-11T12:59:19.525779+00:00] Werbeseite.INFO: Es wurde auf die Webseite zugegriffen! [] []
[2023-01-11T13:05:43.791787+00:00] Werbeseite.INFO: Es wurde auf die Webseite zugegriffen! [] []
[2023-01-11T13:11:02.233303+00:00] Werbeseite.INFO: Es wurde auf die Webseite zugegriffen! [] []
[2023-01-11T13:17:12.775919+00:00] Werbeseite.INFO: Es wurde auf die Webseite zugegriffen! [] []
[2023-01-11T13:18:09.478848+00:00] Werbeseite.INFO: Es wurde auf die Webseite zugegriffen! [] []
[2023-01-11T13:18:48.831175+00:00] Werbeseite.INFO: Es wurde auf die Webseite zugegriffen! [] []
[2023-01-11T13:20:11.514537+00:00] Werbeseite.INFO: Es wurde auf die Webseite zugegriffen! [] []
[2023-01-11T13:20:15.072049+00:00] Werbeseite.INFO: Es wurde auf die Webseite zugegriffen! [] []
[2023-01-11T13:20:26.949248+00:00] Werbeseite.INFO: Es wurde auf die Webseite zugegriffen! [] []
[2023-01-11T13:26:34.327212+00:00] Werbeseite.INFO: Es wurde auf die Webseite zugegriffen! [] []
[2023-01-11T13:29:47.424636+00:00] Werbeseite.INFO: Es wurde auf die Webseite zugegriffen! [] []
[2023-01-11T13:32:10.127437+00:00] Werbeseite.INFO: Es wurde auf die Webseite zugegriffen! [] []
[2023-01-11T13:35:44.289366+00:00] Werbeseite.INFO: Es wurde auf die Webseite zugegriffen! [] []
[2023-01-11T13:45:57.379239+00:00] Werbeseite.INFO: Es wurde auf die Webseite zugegriffen! [] []
[2023-01-11T13:45:58.311326+00:00] Werbeseite.INFO: Es wurde sich abgemeldet! [] []
[2023-01-11T13:45:58.338581+00:00] Werbeseite.INFO: Es wurde auf die Webseite zugegriffen! [] []
[2023-01-11T13:46:02.105719+00:00] Werbeseite.INFO: Anmeldung! : admin@emensa.example [] []
[2023-01-11T13:46:02.152367+00:00] Werbeseite.INFO: Es wurde auf die Webseite zugegriffen! [] []
[2023-01-11T13:46:30.581471+00:00] Werbeseite.INFO: Es wurde auf die Webseite zugegriffen! [] []
[2023-01-11T13:46:40.060862+00:00] Werbeseite.INFO: Es wurde auf die Webseite zugegriffen! [] []
[2023-01-11T13:46:46.736079+00:00] Werbeseite.INFO: Es wurde auf die Webseite zugegriffen! [] []
[2023-01-11T13:47:06.802840+00:00] Werbeseite.INFO: Es wurde auf die Webseite zugegriffen! [] []
[2023-01-11T15:05:00.058762+00:00] Werbeseite.INFO: Es wurde auf die Webseite zugegriffen! [] []
[2023-01-11T15:05:13.887054+00:00] Werbeseite.INFO: Es wurde auf die Webseite zugegriffen! [] []
[2023-01-11T15:05:15.427416+00:00] Werbeseite.INFO: Es wurde sich abgemeldet! [] []
[2023-01-11T15:05:15.451526+00:00] Werbeseite.INFO: Es wurde auf die Webseite zugegriffen! [] []
[2023-01-11T15:05:18.408376+00:00] Werbeseite.INFO: Anmeldung! : admin@emensa.example [] []
[2023-01-11T15:05:18.453777+00:00] Werbeseite.INFO: Es wurde auf die Webseite zugegriffen! [] []
[2023-01-11T15:05:33.128001+00:00] Werbeseite.INFO: Es wurde auf die Webseite zugegriffen! [] []
[2023-01-11T15:05:50.650646+00:00] Werbeseite.INFO: Es wurde auf die Webseite zugegriffen! [] []
[2023-01-11T15:05:51.650836+00:00] Werbeseite.INFO: Es wurde sich abgemeldet! [] []
[2023-01-11T15:05:51.679585+00:00] Werbeseite.INFO: Es wurde auf die Webseite zugegriffen! [] []
[2023-01-11T15:05:55.343491+00:00] Werbeseite.INFO: Anmeldung! : admin@emensa.example [] []
[2023-01-11T15:05:55.355455+00:00] Werbeseite.INFO: Es wurde auf die Webseite zugegriffen! [] []
[2023-01-11T15:06:03.727982+00:00] Werbeseite.INFO: Es wurde auf die Webseite zugegriffen! [] []
[2023-01-11T15:06:25.107409+00:00] Werbeseite.INFO: Es wurde sich abgemeldet! [] []
[2023-01-11T15:06:25.140296+00:00] Werbeseite.INFO: Es wurde auf die Webseite zugegriffen! [] []
[2023-01-11T15:06:27.864290+00:00] Werbeseite.INFO: Anmeldung! : admin@emensa.example [] []
[2023-01-11T15:06:27.897053+00:00] Werbeseite.INFO: Es wurde auf die Webseite zugegriffen! [] []
[2023-01-11T15:07:23.126039+00:00] Werbeseite.INFO: Es wurde auf die Webseite zugegriffen! [] []
[2023-01-11T15:07:24.602347+00:00] Werbeseite.INFO: Es wurde sich abgemeldet! [] []
[2023-01-11T15:07:24.643029+00:00] Werbeseite.INFO: Es wurde auf die Webseite zugegriffen! [] []
[2023-01-11T15:07:27.162660+00:00] Werbeseite.INFO: Anmeldung! : admin@emensa.example [] []
[2023-01-11T15:07:27.174606+00:00] Werbeseite.INFO: Es wurde auf die Webseite zugegriffen! [] []
[2023-01-11T15:07:47.356776+00:00] Werbeseite.INFO: Es wurde auf die Webseite zugegriffen! [] []
[2023-01-11T15:07:48.892006+00:00] Werbeseite.INFO: Es wurde sich abgemeldet! [] []
[2023-01-11T15:07:48.904988+00:00] Werbeseite.INFO: Es wurde auf die Webseite zugegriffen! [] []
[2023-01-11T15:07:51.987838+00:00] Werbeseite.INFO: Anmeldung! : admin@emensa.example [] []
[2023-01-11T15:07:52.019165+00:00] Werbeseite.INFO: Es wurde auf die Webseite zugegriffen! [] []
[2023-01-11T15:08:26.723161+00:00] Werbeseite.INFO: Es wurde auf die Webseite zugegriffen! [] []
[2023-01-11T15:08:28.371016+00:00] Werbeseite.INFO: Es wurde sich abgemeldet! [] []
[2023-01-11T15:08:28.385608+00:00] Werbeseite.INFO: Es wurde auf die Webseite zugegriffen! [] []
[2023-01-11T15:08:31.090469+00:00] Werbeseite.INFO: Anmeldung! : admin@emensa.example [] []
[2023-01-11T15:08:31.123526+00:00] Werbeseite.INFO: Es wurde auf die Webseite zugegriffen! [] []
[2023-01-11T15:08:59.666572+00:00] Werbeseite.INFO: Es wurde auf die Webseite zugegriffen! [] []
[2023-01-11T15:09:01.819828+00:00] Werbeseite.INFO: Es wurde sich abgemeldet! [] []
[2023-01-11T15:09:01.832880+00:00] Werbeseite.INFO: Es wurde auf die Webseite zugegriffen! [] []
[2023-01-11T15:09:04.826210+00:00] Werbeseite.INFO: Anmeldung! : admin@emensa.example [] []
[2023-01-11T15:09:04.838400+00:00] Werbeseite.INFO: Es wurde auf die Webseite zugegriffen! [] []
[2023-01-11T15:12:17.625806+00:00] Werbeseite.INFO: Es wurde auf die Webseite zugegriffen! [] []
[2023-01-11T15:12:19.418752+00:00] Werbeseite.INFO: Es wurde sich abgemeldet! [] []
[2023-01-11T15:12:19.433350+00:00] Werbeseite.INFO: Es wurde auf die Webseite zugegriffen! [] []
[2023-01-11T15:12:21.931959+00:00] Werbeseite.INFO: Anmeldung! : admin@emensa.example [] []
[2023-01-11T15:12:21.949353+00:00] Werbeseite.INFO: Es wurde auf die Webseite zugegriffen! [] []
[2023-01-11T15:14:50.895265+00:00] Werbeseite.INFO: Es wurde sich abgemeldet! [] []
[2023-01-11T15:14:50.913719+00:00] Werbeseite.INFO: Es wurde auf die Webseite zugegriffen! [] []
[2023-01-11T15:14:53.352290+00:00] Werbeseite.INFO: Anmeldung! : admin@emensa.example [] []
[2023-01-11T15:14:53.398313+00:00] Werbeseite.INFO: Es wurde auf die Webseite zugegriffen! [] []
[2023-01-11T15:15:55.731172+00:00] Werbeseite.INFO: Es wurde auf die Webseite zugegriffen! [] []
[2023-01-11T15:15:57.349824+00:00] Werbeseite.INFO: Es wurde sich abgemeldet! [] []
[2023-01-11T15:15:57.381044+00:00] Werbeseite.INFO: Es wurde auf die Webseite zugegriffen! [] []
[2023-01-11T15:15:59.644352+00:00] Werbeseite.WARNING: Anmeldung fehlgeschlagen! [] []
[2023-01-11T15:16:02.844402+00:00] Werbeseite.WARNING: Anmeldung fehlgeschlagen! [] []
[2023-01-11T15:16:17.247559+00:00] Werbeseite.WARNING: Anmeldung fehlgeschlagen! [] []
[2023-01-11T15:16:31.803469+00:00] Werbeseite.INFO: Es wurde auf die Webseite zugegriffen! [] []
[2023-01-11T15:16:35.352522+00:00] Werbeseite.WARNING: Anmeldung fehlgeschlagen! [] []
[2023-01-11T15:16:38.009141+00:00] Werbeseite.INFO: Es wurde auf die Webseite zugegriffen! [] []
[2023-01-11T15:17:21.626372+00:00] Werbeseite.INFO: Es wurde auf die Webseite zugegriffen! [] []
[2023-01-11T15:17:25.395291+00:00] Werbeseite.INFO: Anmeldung! : admin@emensa.example [] []
[2023-01-11T15:17:25.407414+00:00] Werbeseite.INFO: Es wurde auf die Webseite zugegriffen! [] []
[2023-01-11T15:18:40.863454+00:00] Werbeseite.INFO: Es wurde auf die Webseite zugegriffen! [] []
[2023-01-11T15:18:42.241242+00:00] Werbeseite.INFO: Es wurde sich abgemeldet! [] []
[2023-01-11T15:18:42.254596+00:00] Werbeseite.INFO: Es wurde auf die Webseite zugegriffen! [] []
[2023-01-11T15:18:45.701152+00:00] Werbeseite.INFO: Anmeldung! : admin@emensa.example [] []
[2023-01-11T15:18:45.712988+00:00] Werbeseite.INFO: Es wurde auf die Webseite zugegriffen! [] []
[2023-01-11T15:20:11.781902+00:00] Werbeseite.INFO: Es wurde auf die Webseite zugegriffen! [] []
[2023-01-11T15:20:13.114294+00:00] Werbeseite.INFO: Es wurde sich abgemeldet! [] []
[2023-01-11T15:20:13.150142+00:00] Werbeseite.INFO: Es wurde auf die Webseite zugegriffen! [] []
[2023-01-11T15:20:16.894189+00:00] Werbeseite.INFO: Anmeldung! : admin@emensa.example [] []
[2023-01-11T15:20:16.929072+00:00] Werbeseite.INFO: Es wurde auf die Webseite zugegriffen! [] []
[2023-01-11T15:20:54.282719+00:00] Werbeseite.INFO: Es wurde auf die Webseite zugegriffen! [] []
[2023-01-11T15:20:54.933486+00:00] Werbeseite.INFO: Es wurde sich abgemeldet! [] []
[2023-01-11T15:20:54.948221+00:00] Werbeseite.INFO: Es wurde auf die Webseite zugegriffen! [] []
[2023-01-11T15:20:57.444688+00:00] Werbeseite.INFO: Anmeldung! : admin@emensa.example [] []
[2023-01-11T15:20:57.457526+00:00] Werbeseite.INFO: Es wurde auf die Webseite zugegriffen! [] []
[2023-01-11T15:25:47.279520+00:00] Werbeseite.INFO: Es wurde auf die Webseite zugegriffen! [] []
[2023-01-11T15:25:47.943517+00:00] Werbeseite.INFO: Es wurde sich abgemeldet! [] []
[2023-01-11T15:25:47.956880+00:00] Werbeseite.INFO: Es wurde auf die Webseite zugegriffen! [] []
[2023-01-11T15:25:50.303348+00:00] Werbeseite.INFO: Anmeldung! : admin@emensa.example [] []
[2023-01-11T15:25:50.334642+00:00] Werbeseite.INFO: Es wurde auf die Webseite zugegriffen! [] []
[2023-01-11T15:27:52.709644+00:00] Werbeseite.INFO: Es wurde auf die Webseite zugegriffen! [] []
[2023-01-11T15:29:41.844474+00:00] Werbeseite.INFO: Es wurde auf die Webseite zugegriffen! [] []
[2023-01-11T15:29:43.323811+00:00] Werbeseite.INFO: Es wurde sich abgemeldet! [] []
[2023-01-11T15:29:43.350161+00:00] Werbeseite.INFO: Es wurde auf die Webseite zugegriffen! [] []
[2023-01-11T15:29:47.922310+00:00] Werbeseite.INFO: Anmeldung! : admin@emensa.example [] []
[2023-01-11T15:29:47.952706+00:00] Werbeseite.INFO: Es wurde auf die Webseite zugegriffen! [] []
[2023-01-11T15:30:06.934995+00:00] Werbeseite.INFO: Es wurde auf die Webseite zugegriffen! [] []
[2023-01-11T15:30:08.488781+00:00] Werbeseite.INFO: Es wurde sich abgemeldet! [] []
[2023-01-11T15:30:08.501619+00:00] Werbeseite.INFO: Es wurde auf die Webseite zugegriffen! [] []
[2023-01-11T15:30:10.799068+00:00] Werbeseite.INFO: Anmeldung! : admin@emensa.example [] []
[2023-01-11T15:30:10.811991+00:00] Werbeseite.INFO: Es wurde auf die Webseite zugegriffen! [] []
[2023-01-11T15:40:44.591015+00:00] Werbeseite.INFO: Es wurde auf die Webseite zugegriffen! [] []
[2023-01-11T15:41:09.299729+00:00] Werbeseite.INFO: Es wurde auf die Webseite zugegriffen! [] []
[2023-01-11T15:46:39.704708+00:00] Werbeseite.INFO: Es wurde auf die Webseite zugegriffen! [] []
[2023-01-11T15:46:45.280884+00:00] Werbeseite.INFO: Es wurde auf die Webseite zugegriffen! [] []
[2023-01-11T16:14:20.846562+00:00] Werbeseite.INFO: Es wurde auf die Webseite zugegriffen! [] []
[2023-01-11T16:14:35.675616+00:00] Werbeseite.INFO: Es wurde auf die Webseite zugegriffen! [] []
[2023-01-11T16:14:46.728215+00:00] Werbeseite.INFO: Es wurde auf die Webseite zugegriffen! [] []
[2023-01-11T16:14:52.801297+00:00] Werbeseite.INFO: Es wurde auf die Webseite zugegriffen! [] []
[2023-01-11T16:16:39.580264+00:00] Werbeseite.INFO: Es wurde auf die Webseite zugegriffen! [] []
[2023-01-11T16:18:10.383829+00:00] Werbeseite.INFO: Es wurde auf die Webseite zugegriffen! [] []
[2023-01-11T16:19:30.526036+00:00] Werbeseite.INFO: Es wurde auf die Webseite zugegriffen! [] []
[2023-01-11T16:19:40.939412+00:00] Werbeseite.INFO: Es wurde auf die Webseite zugegriffen! [] []
[2023-01-11T16:20:38.745331+00:00] Werbeseite.INFO: Es wurde auf die Webseite zugegriffen! [] []
[2023-01-11T16:21:28.818485+00:00] Werbeseite.INFO: Es wurde auf die Webseite zugegriffen! [] []
[2023-01-11T16:21:45.873861+00:00] Werbeseite.INFO: Es wurde auf die Webseite zugegriffen! [] []
[2023-01-11T16:21:58.347598+00:00] Werbeseite.INFO: Es wurde auf die Webseite zugegriffen! [] []
[2023-01-11T16:23:16.759267+00:00] Werbeseite.INFO: Es wurde auf die Webseite zugegriffen! [] []
[2023-01-11T16:23:48.710526+00:00] Werbeseite.INFO: Es wurde auf die Webseite zugegriffen! [] []
[2023-01-11T16:54:59.442913+00:00] Werbeseite.INFO: Es wurde auf die Webseite zugegriffen! [] []
[2023-01-11T16:55:43.626255+00:00] Werbeseite.INFO: Es wurde auf die Webseite zugegriffen! [] []
[2023-01-11T16:55:59.868143+00:00] Werbeseite.INFO: Es wurde auf die Webseite zugegriffen! [] []
[2023-01-11T16:58:55.794537+00:00] Werbeseite.INFO: Es wurde auf die Webseite zugegriffen! [] []
[2023-01-11T17:06:10.579228+00:00] Werbeseite.INFO: Es wurde auf die Webseite zugegriffen! [] []
[2023-01-11T17:07:32.794284+00:00] Werbeseite.INFO: Es wurde auf die Webseite zugegriffen! [] []
[2023-01-11T17:09:43.376291+00:00] Werbeseite.INFO: Es wurde auf die Webseite zugegriffen! [] []
[2023-01-11T17:09:49.093818+00:00] Werbeseite.INFO: Es wurde auf die Webseite zugegriffen! [] []
[2023-01-11T17:14:02.445351+00:00] Werbeseite.INFO: Es wurde auf die Webseite zugegriffen! [] []
[2023-01-11T17:14:16.805030+00:00] Werbeseite.INFO: Es wurde auf die Webseite zugegriffen! [] []
[2023-01-11T17:16:29.597746+00:00] Werbeseite.INFO: Es wurde auf die Webseite zugegriffen! [] []
[2023-01-11T17:21:22.800124+00:00] Werbeseite.INFO: Es wurde auf die Webseite zugegriffen! [] []
[2023-01-11T17:22:05.824948+00:00] Werbeseite.INFO: Es wurde sich abgemeldet! [] []
[2023-01-11T17:22:05.876353+00:00] Werbeseite.INFO: Es wurde auf die Webseite zugegriffen! [] []
[2023-01-11T17:22:09.537814+00:00] Werbeseite.INFO: Es wurde auf die Webseite zugegriffen! [] []
[2023-01-11T17:23:17.562789+00:00] Werbeseite.INFO: Es wurde auf die Webseite zugegriffen! [] []
[2023-01-11T17:36:05.103716+00:00] Werbeseite.INFO: Es wurde auf die Webseite zugegriffen! [] []
[2023-01-11T17:39:50.901855+00:00] Werbeseite.INFO: Es wurde auf die Webseite zugegriffen! [] []
[2023-01-12T12:44:54.122414+00:00] Werbeseite.INFO: Es wurde auf die Webseite zugegriffen! [] []
[2023-01-12T12:45:03.656432+00:00] Werbeseite.INFO: Es wurde auf die Webseite zugegriffen! [] []
[2023-01-12T12:45:08.695769+00:00] Werbeseite.WARNING: Anmeldung fehlgeschlagen! [] []
[2023-01-12T12:45:13.507579+00:00] Werbeseite.INFO: Anmeldung! : admin@emensa.example [] []
[2023-01-12T12:45:13.540661+00:00] Werbeseite.INFO: Es wurde auf die Webseite zugegriffen! [] []
[2023-01-12T12:48:48.036344+00:00] Werbeseite.INFO: Es wurde auf die Webseite zugegriffen! [] []
[2023-01-12T12:51:38.039120+00:00] Werbeseite.INFO: Es wurde auf die Webseite zugegriffen! [] []
[2023-01-12T12:59:43.249349+00:00] Werbeseite.INFO: Es wurde auf die Webseite zugegriffen! [] []
[2023-01-12T13:19:37.210757+00:00] Werbeseite.INFO: Es wurde auf die Webseite zugegriffen! [] []
[2023-01-12T13:20:36.251381+00:00] Werbeseite.INFO: Es wurde auf die Webseite zugegriffen! [] []
[2023-01-12T13:31:54.470316+00:00] Werbeseite.INFO: Es wurde auf die Webseite zugegriffen! [] []
[2023-01-12T13:32:23.373677+00:00] Werbeseite.INFO: Es wurde auf die Webseite zugegriffen! [] []
[2023-01-12T13:32:36.238335+00:00] Werbeseite.INFO: Es wurde auf die Webseite zugegriffen! [] []
[2023-01-12T13:48:24.675666+00:00] Werbeseite.INFO: Es wurde auf die Webseite zugegriffen! [] []
[2023-01-12T13:51:59.057594+00:00] Werbeseite.INFO: Es wurde auf die Webseite zugegriffen! [] []
[2023-01-12T13:56:50.397810+00:00] Werbeseite.INFO: Es wurde auf die Webseite zugegriffen! [] []
[2023-01-12T14:00:23.093652+00:00] Werbeseite.INFO: Es wurde auf die Webseite zugegriffen! [] []
[2023-01-12T14:01:04.455674+00:00] Werbeseite.INFO: Es wurde sich abgemeldet! [] []
[2023-01-12T14:01:04.491283+00:00] Werbeseite.INFO: Es wurde auf die Webseite zugegriffen! [] []
[2023-01-12T14:01:09.842408+00:00] Werbeseite.INFO: Anmeldung! : admin@emensa.example [] []
[2023-01-12T14:01:09.857435+00:00] Werbeseite.INFO: Es wurde auf die Webseite zugegriffen! [] []
[2023-01-12T14:05:24.644610+00:00] Werbeseite.INFO: Es wurde auf die Webseite zugegriffen! [] []
[2023-01-12T14:05:26.748257+00:00] Werbeseite.INFO: Es wurde sich abgemeldet! [] []
[2023-01-12T14:05:26.781769+00:00] Werbeseite.INFO: Es wurde auf die Webseite zugegriffen! [] []
[2023-01-12T14:05:33.372325+00:00] Werbeseite.INFO: Es wurde auf die Webseite zugegriffen! [] []
[2023-01-12T14:05:37.899474+00:00] Werbeseite.INFO: Anmeldung! : admin@emensa.example [] []
[2023-01-12T14:05:37.923999+00:00] Werbeseite.INFO: Es wurde auf die Webseite zugegriffen! [] []
[2023-01-12T14:05:48.978391+00:00] Werbeseite.INFO: Es wurde auf die Webseite zugegriffen! [] []
[2023-01-12T14:11:31.021608+00:00] Werbeseite.INFO: Es wurde auf die Webseite zugegriffen! [] []
[2023-01-12T14:11:31.755841+00:00] Werbeseite.INFO: Es wurde sich abgemeldet! [] []
[2023-01-12T14:11:31.799797+00:00] Werbeseite.INFO: Es wurde auf die Webseite zugegriffen! [] []
[2023-01-12T14:11:41.490297+00:00] Werbeseite.INFO: Anmeldung! : NotAdmin@test.de [] []
[2023-01-12T14:11:41.514548+00:00] Werbeseite.INFO: Es wurde auf die Webseite zugegriffen! [] []
[2023-01-12T14:11:54.297859+00:00] Werbeseite.INFO: Es wurde auf die Webseite zugegriffen! [] []
[2023-01-12T14:12:01.574094+00:00] Werbeseite.INFO: Es wurde auf die Webseite zugegriffen! [] []
[2023-01-12T14:12:23.987209+00:00] Werbeseite.INFO: Es wurde sich abgemeldet! [] []
[2023-01-12T14:12:24.002283+00:00] Werbeseite.INFO: Es wurde auf die Webseite zugegriffen! [] []
[2023-01-12T14:13:06.207510+00:00] Werbeseite.INFO: Anmeldung! : NotAdmin2@test.de [] []
[2023-01-12T14:13:06.221755+00:00] Werbeseite.INFO: Es wurde auf die Webseite zugegriffen! [] []
[2023-01-12T14:13:10.847833+00:00] Werbeseite.INFO: Es wurde auf die Webseite zugegriffen! [] []
[2023-01-12T14:13:17.778438+00:00] Werbeseite.INFO: Es wurde auf die Webseite zugegriffen! [] []
[2023-01-12T14:13:19.979786+00:00] Werbeseite.INFO: Es wurde auf die Webseite zugegriffen! [] []
[2023-01-12T14:13:23.975478+00:00] Werbeseite.INFO: Es wurde auf die Webseite zugegriffen! [] []
[2023-01-12T14:13:29.107861+00:00] Werbeseite.INFO: Es wurde sich abgemeldet! [] []
[2023-01-12T14:13:29.133232+00:00] Werbeseite.INFO: Es wurde auf die Webseite zugegriffen! [] []
[2023-01-12T14:13:32.529500+00:00] Werbeseite.INFO: Es wurde auf die Webseite zugegriffen! [] []
[2023-01-12T14:13:43.056638+00:00] Werbeseite.INFO: Anmeldung! : admin@emensa.example [] []
[2023-01-12T14:13:43.071668+00:00] Werbeseite.INFO: Es wurde auf die Webseite zugegriffen! [] []
[2023-01-12T14:13:47.060570+00:00] Werbeseite.INFO: Es wurde auf die Webseite zugegriffen! [] []
[2023-01-12T14:17:16.342381+00:00] Werbeseite.INFO: Es wurde auf die Webseite zugegriffen! [] []
[2023-01-12T14:17:18.846630+00:00] Werbeseite.INFO: Es wurde auf die Webseite zugegriffen! [] []
[2023-01-12T14:25:10.711436+00:00] Werbeseite.INFO: Es wurde auf die Webseite zugegriffen! [] []
[2023-01-12T14:28:24.909464+00:00] Werbeseite.INFO: Es wurde auf die Webseite zugegriffen! [] []
[2023-01-12T14:31:42.701893+00:00] Werbeseite.INFO: Es wurde auf die Webseite zugegriffen! [] []
[2023-01-12T14:40:33.298560+00:00] Werbeseite.INFO: Es wurde auf die Webseite zugegriffen! [] []
[2023-01-12T14:49:52.464153+00:00] Werbeseite.INFO: Es wurde auf die Webseite zugegriffen! [] []
[2023-01-12T14:50:03.015550+00:00] Werbeseite.INFO: Es wurde auf die Webseite zugegriffen! [] []
[2023-01-12T14:50:09.225533+00:00] Werbeseite.INFO: Es wurde auf die Webseite zugegriffen! [] []
[2023-01-12T14:50:15.297064+00:00] Werbeseite.INFO: Es wurde auf die Webseite zugegriffen! [] []
[2023-01-12T14:50:17.054129+00:00] Werbeseite.INFO: Es wurde sich abgemeldet! [] []
[2023-01-12T14:50:17.095845+00:00] Werbeseite.INFO: Es wurde auf die Webseite zugegriffen! [] []
[2023-01-12T14:50:22.008879+00:00] Werbeseite.INFO: Anmeldung! : NotAdmin@test.de [] []
[2023-01-12T14:50:22.039757+00:00] Werbeseite.INFO: Es wurde auf die Webseite zugegriffen! [] []
[2023-01-12T14:50:26.653790+00:00] Werbeseite.INFO: Es wurde auf die Webseite zugegriffen! [] []
[2023-01-12T14:51:05.034823+00:00] Werbeseite.INFO: Es wurde auf die Webseite zugegriffen! [] []
[2023-01-12T14:51:34.124459+00:00] Werbeseite.INFO: Es wurde auf die Webseite zugegriffen! [] []
[2023-01-12T14:51:40.015624+00:00] Werbeseite.INFO: Es wurde auf die Webseite zugegriffen! [] []
[2023-01-12T14:53:44.105020+00:00] Werbeseite.INFO: Es wurde sich abgemeldet! [] []
[2023-01-12T14:53:53.175149+00:00] Werbeseite.INFO: Es wurde sich abgemeldet! [] []
[2023-01-12T14:53:53.190783+00:00] Werbeseite.INFO: Es wurde auf die Webseite zugegriffen! [] []
[2023-01-12T14:53:59.421860+00:00] Werbeseite.INFO: Anmeldung! : admin@emensa.example [] []
[2023-01-12T14:53:59.446707+00:00] Werbeseite.INFO: Es wurde auf die Webseite zugegriffen! [] []
[2023-01-12T14:54:32.637410+00:00] Werbeseite.INFO: Es wurde auf die Webseite zugegriffen! [] []
[2023-01-12T16:03:18.576703+00:00] Werbeseite.INFO: Es wurde auf die Webseite zugegriffen! [] []
[2023-01-12T16:05:01.678525+00:00] Werbeseite.INFO: Es wurde auf die Webseite zugegriffen! [] []
[2023-01-12T16:05:09.747357+00:00] Werbeseite.INFO: Es wurde auf die Webseite zugegriffen! [] []
[2023-01-12T16:05:19.840521+00:00] Werbeseite.INFO: Es wurde auf die Webseite zugegriffen! [] []
[2023-01-12T16:05:29.473675+00:00] Werbeseite.INFO: Es wurde auf die Webseite zugegriffen! [] []
[2023-01-12T16:08:51.109114+00:00] Werbeseite.INFO: Es wurde sich abgemeldet! [] []
[2023-01-12T16:08:51.123964+00:00] Werbeseite.INFO: Es wurde auf die Webseite zugegriffen! [] []
[2023-01-12T16:10:53.600529+00:00] Werbeseite.INFO: Es wurde auf die Webseite zugegriffen! [] []
[2023-01-12T16:10:55.864631+00:00] Werbeseite.INFO: Es wurde auf die Webseite zugegriffen! [] []
[2023-01-12T16:11:00.667850+00:00] Werbeseite.INFO: Anmeldung! : admin@emensa.example [] []
[2023-01-12T16:11:00.682638+00:00] Werbeseite.INFO: Es wurde auf die Webseite zugegriffen! [] []
[2023-01-12T16:11:08.144212+00:00] Werbeseite.INFO: Es wurde sich abgemeldet! [] []
[2023-01-12T16:11:08.179149+00:00] Werbeseite.INFO: Es wurde auf die Webseite zugegriffen! [] []
[2023-01-12T16:12:27.217623+00:00] Werbeseite.INFO: Anmeldung! : admin@emensa.example [] []
[2023-01-12T16:12:27.230538+00:00] Werbeseite.INFO: Es wurde auf die Webseite zugegriffen! [] []
[2023-01-12T16:12:34.669473+00:00] Werbeseite.INFO: Es wurde sich abgemeldet! [] []
[2023-01-12T16:12:34.682697+00:00] Werbeseite.INFO: Es wurde auf die Webseite zugegriffen! [] []
[2023-01-12T16:13:49.966193+00:00] Werbeseite.INFO: Es wurde auf die Webseite zugegriffen! [] []
[2023-01-12T16:14:07.145039+00:00] Werbeseite.INFO: Es wurde auf die Webseite zugegriffen! [] []
[2023-01-12T16:14:07.675034+00:00] Werbeseite.INFO: Es wurde auf die Webseite zugegriffen! [] []
[2023-01-12T16:14:07.856350+00:00] Werbeseite.INFO: Es wurde auf die Webseite zugegriffen! [] []
[2023-01-12T16:14:07.999054+00:00] Werbeseite.INFO: Es wurde auf die Webseite zugegriffen! [] []
[2023-01-12T16:14:10.809738+00:00] Werbeseite.INFO: Es wurde auf die Webseite zugegriffen! [] []
[2023-01-12T16:14:11.047929+00:00] Werbeseite.INFO: Es wurde auf die Webseite zugegriffen! [] []
[2023-01-12T16:14:11.207052+00:00] Werbeseite.INFO: Es wurde auf die Webseite zugegriffen! [] []
[2023-01-12T16:14:11.353553+00:00] Werbeseite.INFO: Es wurde auf die Webseite zugegriffen! [] []
[2023-01-12T16:14:16.270682+00:00] Werbeseite.INFO: Es wurde auf die Webseite zugegriffen! [] []
[2023-01-12T16:14:53.483426+00:00] Werbeseite.INFO: Es wurde auf die Webseite zugegriffen! [] []
[2023-01-12T16:14:53.952483+00:00] Werbeseite.INFO: Es wurde auf die Webseite zugegriffen! [] []
[2023-01-12T16:14:54.116377+00:00] Werbeseite.INFO: Es wurde auf die Webseite zugegriffen! [] []
[2023-01-12T16:15:23.487179+00:00] Werbeseite.INFO: Es wurde auf die Webseite zugegriffen! [] []
[2023-01-12T16:15:35.632530+00:00] Werbeseite.INFO: Es wurde auf die Webseite zugegriffen! [] []
[2023-01-12T16:15:35.925700+00:00] Werbeseite.INFO: Es wurde auf die Webseite zugegriffen! [] []
[2023-01-12T16:15:42.600347+00:00] Werbeseite.INFO: Es wurde auf die Webseite zugegriffen! [] []
[2023-01-12T16:15:43.008177+00:00] Werbeseite.INFO: Es wurde auf die Webseite zugegriffen! [] []
[2023-01-12T16:15:54.338673+00:00] Werbeseite.INFO: Es wurde auf die Webseite zugegriffen! [] []
[2023-01-12T16:15:54.793751+00:00] Werbeseite.INFO: Es wurde auf die Webseite zugegriffen! [] []
[2023-01-12T16:15:54.964214+00:00] Werbeseite.INFO: Es wurde auf die Webseite zugegriffen! [] []
[2023-01-12T16:15:55.124127+00:00] Werbeseite.INFO: Es wurde auf die Webseite zugegriffen! [] []
[2023-01-12T16:15:55.307332+00:00] Werbeseite.INFO: Es wurde auf die Webseite zugegriffen! [] []
[2023-01-12T16:15:55.493245+00:00] Werbeseite.INFO: Es wurde auf die Webseite zugegriffen! [] []
[2023-01-12T16:15:56.287561+00:00] Werbeseite.INFO: Es wurde auf die Webseite zugegriffen! [] []
[2023-01-12T16:18:02.988204+00:00] Werbeseite.INFO: Es wurde auf die Webseite zugegriffen! [] []
[2023-01-12T16:18:03.439008+00:00] Werbeseite.INFO: Es wurde auf die Webseite zugegriffen! [] []
[2023-01-12T16:18:03.607233+00:00] Werbeseite.INFO: Es wurde auf die Webseite zugegriffen! [] []
[2023-01-12T16:18:23.004848+00:00] Werbeseite.INFO: Es wurde auf die Webseite zugegriffen! [] []
[2023-01-12T16:18:39.623577+00:00] Werbeseite.INFO: Es wurde auf die Webseite zugegriffen! [] []
[2023-01-12T16:18:43.663376+00:00] Werbeseite.INFO: Anmeldung! : admin@emensa.example [] []
[2023-01-12T16:18:43.700585+00:00] Werbeseite.INFO: Es wurde auf die Webseite zugegriffen! [] []
[2023-01-12T16:19:02.955618+00:00] Werbeseite.INFO: Es wurde sich abgemeldet! [] []
[2023-01-12T16:19:02.969402+00:00] Werbeseite.INFO: Es wurde auf die Webseite zugegriffen! [] []
[2023-01-12T16:20:57.346882+00:00] Werbeseite.INFO: Anmeldung! : admin@emensa.example [] []
[2023-01-12T16:20:57.385517+00:00] Werbeseite.INFO: Es wurde auf die Webseite zugegriffen! [] []
[2023-01-12T16:36:36.611986+00:00] Werbeseite.INFO: Es wurde auf die Webseite zugegriffen! [] []
[2023-01-12T16:43:50.562405+00:00] Werbeseite.INFO: Anmeldung! : admin@emensa.example [] []
[2023-01-12T16:43:50.576425+00:00] Werbeseite.INFO: Es wurde auf die Webseite zugegriffen! [] []
[2023-01-12T16:46:27.076403+00:00] Werbeseite.INFO: Es wurde sich abgemeldet! [] []
[2023-01-12T16:46:27.102623+00:00] Werbeseite.INFO: Es wurde auf die Webseite zugegriffen! [] []
[2023-01-12T16:46:30.504027+00:00] Werbeseite.INFO: Anmeldung! : admin@emensa.example [] []
[2023-01-12T16:46:30.516523+00:00] Werbeseite.INFO: Es wurde auf die Webseite zugegriffen! [] []
[2023-01-12T16:47:08.014789+00:00] Werbeseite.INFO: Es wurde auf die Webseite zugegriffen! [] []
[2023-01-12T16:48:20.760773+00:00] Werbeseite.INFO: Es wurde auf die Webseite zugegriffen! [] []
[2023-01-12T16:50:29.497876+00:00] Werbeseite.INFO: Es wurde sich abgemeldet! [] []
[2023-01-12T16:50:29.523811+00:00] Werbeseite.INFO: Es wurde auf die Webseite zugegriffen! [] []
[2023-01-12T16:51:51.905559+00:00] Werbeseite.INFO: Anmeldung! : admin@emensa.example [] []
[2023-01-12T16:51:51.917839+00:00] Werbeseite.INFO: Es wurde auf die Webseite zugegriffen! [] []
[2023-01-12T16:51:56.294995+00:00] Werbeseite.INFO: Es wurde sich abgemeldet! [] []
[2023-01-12T16:51:56.330691+00:00] Werbeseite.INFO: Es wurde auf die Webseite zugegriffen! [] []
[2023-01-12T16:52:02.114972+00:00] Werbeseite.INFO: Anmeldung! : NotAdmin@test.de [] []
[2023-01-12T16:52:02.144747+00:00] Werbeseite.INFO: Es wurde auf die Webseite zugegriffen! [] []
[2023-01-12T16:55:32.779973+00:00] Werbeseite.INFO: Es wurde sich abgemeldet! [] []
[2023-01-12T16:55:32.819768+00:00] Werbeseite.INFO: Es wurde auf die Webseite zugegriffen! [] []
[2023-01-12T16:55:43.484973+00:00] Werbeseite.INFO: Anmeldung! : admin@emensa.example [] []
[2023-01-12T16:55:43.497598+00:00] Werbeseite.INFO: Es wurde auf die Webseite zugegriffen! [] []
[2023-01-12T16:55:50.140309+00:00] Werbeseite.INFO: Es wurde auf die Webseite zugegriffen! [] []
[2023-01-12T16:55:59.196264+00:00] Werbeseite.INFO: Es wurde auf die Webseite zugegriffen! [] []
[2023-01-12T16:56:07.362482+00:00] Werbeseite.INFO: Es wurde sich abgemeldet! [] []
[2023-01-12T16:56:07.375767+00:00] Werbeseite.INFO: Es wurde auf die Webseite zugegriffen! [] []
[2023-01-12T16:56:11.630524+00:00] Werbeseite.INFO: Anmeldung! : NotAdmin@test.de [] []
[2023-01-12T16:56:11.665310+00:00] Werbeseite.INFO: Es wurde auf die Webseite zugegriffen! [] []
[2023-01-12T16:56:17.319618+00:00] Werbeseite.INFO: Es wurde auf die Webseite zugegriffen! [] []
[2023-01-12T16:56:23.026563+00:00] Werbeseite.INFO: Es wurde auf die Webseite zugegriffen! [] []
[2023-01-12T16:56:33.673697+00:00] Werbeseite.INFO: Es wurde auf die Webseite zugegriffen! [] []
[2023-01-12T16:56:38.293740+00:00] Werbeseite.INFO: Es wurde auf die Webseite zugegriffen! [] []
